E:\FORESCE_LADS\LADS_FORSCE_PROJECT\LADS_FRSCE\LADS_FORSCE\LADS_FORSCE\RELEASE\HNI.OBJ
E:\FORESCE_LADS\LADS_FORSCE_PROJECT\LADS_FRSCE\LADS_FORSCE\LADS_FORSCE\RELEASE\VEGETATION.OBJ
E:\FORESCE_LADS\LADS_FORSCE_PROJECT\LADS_FRSCE\LADS_FORSCE\LADS_FORSCE\RELEASE\STDAFX.OBJ
E:\FORESCE_LADS\LADS_FORSCE_PROJECT\LADS_FRSCE\LADS_FORSCE\LADS_FORSCE\RELEASE\DEMAND.OBJ
E:\FORESCE_LADS\LADS_FORSCE_PROJECT\LADS_FRSCE\LADS_FORSCE\LADS_FORSCE\RELEASE\RANDNUM.OBJ
E:\FORESCE_LADS\LADS_FORSCE_PROJECT\LADS_FRSCE\LADS_FORSCE\LADS_FORSCE\RELEASE\PROBSURFACE.OBJ
E:\FORESCE_LADS\LADS_FORSCE_PROJECT\LADS_FRSCE\LADS_FORSCE\LADS_FORSCE\RELEASE\LCCRES.OBJ
E:\FORESCE_LADS\LADS_FORSCE_PROJECT\LADS_FRSCE\LADS_FORSCE\LADS_FORSCE\RELEASE\LCC.OBJ
E:\FORESCE_LADS\LADS_FORSCE_PROJECT\LADS_FRSCE\LADS_FORSCE\LADS_FORSCE\RELEASE\LADSIO.OBJ
E:\FORESCE_LADS\LADS_FORSCE_PROJECT\LADS_FRSCE\LADS_FORSCE\LADS_FORSCE\RELEASE\LADS.OBJ
E:\FORESCE_LADS\LADS_FORSCE_PROJECT\LADS_FRSCE\LADS_FORSCE\LADS_FORSCE\RELEASE\HARVEST.OBJ
E:\FORESCE_LADS\LADS_FORSCE_PROJECT\LADS_FRSCE\LADS_FORSCE\LADS_FORSCE\RELEASE\FIRES.OBJ
E:\FORESCE_LADS\LADS_FORSCE_PROJECT\LADS_FRSCE\LADS_FORSCE\LADS_FORSCE\RELEASE\ERRORCHECK.OBJ
E:\FORESCE_LADS\LADS_FORSCE_PROJECT\LADS_FRSCE\LADS_FORSCE\LADS_FORSCE\RELEASE\CELLLIST.OBJ
E:\FORESCE_LADS\LADS_FORSCE_PROJECT\LADS_FRSCE\LADS_FORSCE\LADS_FORSCE\RELEASE\BIOMASS.OBJ
E:\FORESCE_LADS\LADS_FORSCE_PROJECT\LADS_FRSCE\LADS_FORSCE\LADS_FORSCE\RELEASE\VC110.PDB
E:\FORESCE_LADS\LADS_FORSCE_PROJECT\LADS_FRSCE\LADS_FORSCE\RELEASE\LADS_FORSCE.EXE
E:\FORESCE_LADS\LADS_FORSCE_PROJECT\LADS_FRSCE\LADS_FORSCE\RELEASE\LADS_FORSCE.PDB
E:\FORESCE_LADS\Lads_Forsce_Project\Lads_Frsce\Lads_Forsce\Lads_Forsce\Release\biomass.obj
E:\FORESCE_LADS\Lads_Forsce_Project\Lads_Frsce\Lads_Forsce\Lads_Forsce\Release\celllist.obj
E:\FORESCE_LADS\Lads_Forsce_Project\Lads_Frsce\Lads_Forsce\Lads_Forsce\Release\demand.obj
E:\FORESCE_LADS\Lads_Forsce_Project\Lads_Frsce\Lads_Forsce\Lads_Forsce\Release\errorCheck.obj
E:\FORESCE_LADS\Lads_Forsce_Project\Lads_Frsce\Lads_Forsce\Lads_Forsce\Release\fires.obj
E:\FORESCE_LADS\Lads_Forsce_Project\Lads_Frsce\Lads_Forsce\Lads_Forsce\Release\harvest.obj
E:\FORESCE_LADS\Lads_Forsce_Project\Lads_Frsce\Lads_Forsce\Lads_Forsce\Release\hni.obj
E:\FORESCE_LADS\Lads_Forsce_Project\Lads_Frsce\Lads_Forsce\Lads_Forsce\Release\lads.obj
E:\FORESCE_LADS\Lads_Forsce_Project\Lads_Frsce\Lads_Forsce\Lads_Forsce\Release\ladsio.obj
E:\FORESCE_LADS\Lads_Forsce_Project\Lads_Frsce\Lads_Forsce\Lads_Forsce\Release\lcc.obj
E:\FORESCE_LADS\Lads_Forsce_Project\Lads_Frsce\Lads_Forsce\Lads_Forsce\Release\lccres.obj
E:\FORESCE_LADS\Lads_Forsce_Project\Lads_Frsce\Lads_Forsce\Lads_Forsce\Release\probSurface.obj
E:\FORESCE_LADS\Lads_Forsce_Project\Lads_Frsce\Lads_Forsce\Lads_Forsce\Release\randnum.obj
E:\FORESCE_LADS\Lads_Forsce_Project\Lads_Frsce\Lads_Forsce\Lads_Forsce\Release\stdafx.obj
E:\FORESCE_LADS\Lads_Forsce_Project\Lads_Frsce\Lads_Forsce\Lads_Forsce\Release\vegetation.obj
E:\FORESCE_LADS\Lads_Forsce_Project\Lads_Frsce\Lads_Forsce\Lads_Forsce\Release\cl.command.1.tlog
E:\FORESCE_LADS\Lads_Forsce_Project\Lads_Frsce\Lads_Forsce\Lads_Forsce\Release\CL.read.1.tlog
E:\FORESCE_LADS\Lads_Forsce_Project\Lads_Frsce\Lads_Forsce\Lads_Forsce\Release\CL.write.1.tlog
E:\FORESCE_LADS\Lads_Forsce_Project\Lads_Frsce\Lads_Forsce\Lads_Forsce\Release\link-cvtres.read.1.tlog
E:\FORESCE_LADS\Lads_Forsce_Project\Lads_Frsce\Lads_Forsce\Lads_Forsce\Release\link-cvtres.write.1.tlog
E:\FORESCE_LADS\Lads_Forsce_Project\Lads_Frsce\Lads_Forsce\Lads_Forsce\Release\link-rc.read.1.tlog
E:\FORESCE_LADS\Lads_Forsce_Project\Lads_Frsce\Lads_Forsce\Lads_Forsce\Release\link-rc.write.1.tlog
E:\FORESCE_LADS\Lads_Forsce_Project\Lads_Frsce\Lads_Forsce\Lads_Forsce\Release\link.command.1.tlog
E:\FORESCE_LADS\Lads_Forsce_Project\Lads_Frsce\Lads_Forsce\Lads_Forsce\Release\link.read.1.tlog
E:\FORESCE_LADS\Lads_Forsce_Project\Lads_Frsce\Lads_Forsce\Lads_Forsce\Release\link.read.4.tlog
E:\FORESCE_LADS\Lads_Forsce_Project\Lads_Frsce\Lads_Forsce\Lads_Forsce\Release\link.write.1.tlog
E:\FORESCE_LADS\Lads_Forsce_Project\Lads_Frsce\Lads_Forsce\Lads_Forsce\Release\vc110.pdb
E:\FORESCE_LADS\Lads_Forsce_Project\Lads_Frsce\Lads_Forsce\Release\Lads_Forsce.pdb
E:\FORESCE_LADS\Lads_Forsce_Project\Lads_Frsce\Lads_Forsce\Release\Lads_Forsce.exe
