Build started 6/4/2014 5:56:57 PM.
     1>Project "E:\FORESCE_LADS\Lads_Forsce_Project\Lads_Frsce\Lads_Forsce\Lads_Forsce\Lads_Forsce.vcxproj" on node 2 (Build target(s)).
     1>ClCompile:
         C:\Program Files (x86)\Microsoft Visual Studio 11.0\VC\bin\CL.exe /c /I"C:\Program Files\boost\boost_1_53_0" /ZI /nologo /W3 /WX- /Od /Oy- /D WIN32 /D _DEBUG /D _CONSOLE /D _UNICODE /D UNICODE /Gm /EHsc /RTC1 /MDd /GS /fp:precise /Zc:wchar_t /Zc:forScope /Fo"Debug\\" /Fd"Debug\vc110.pdb" /Gd /TP /analyze- /errorReport:prompt ..\..\Code\biomass.cpp ..\..\Code\celllist.cpp ..\..\Code\errorCheck.cpp ..\..\Code\fires.cpp ..\..\Code\harvest.cpp ..\..\Code\lads.cpp ..\..\Code\ladsio.cpp ..\..\Code\lcc.cpp ..\..\Code\lccres.cpp ..\..\Code\probSurface.cpp ..\..\Code\randnum.cpp ..\..\Code\demand.cpp ..\..\Code\stdafx.cpp ..\..\Code\vegetation.cpp ..\..\Code\hni.cpp
         hni.cpp
     1>e:\foresce_lads\lads_forsce_project\lads_frsce\code\hni.h(34): warning C4091: 'extern ' : ignored on left of 'lccCells' when no variable is declared
     1>e:\foresce_lads\lads_forsce_project\lads_frsce\code\hni.cpp(31): warning C4018: '<' : signed/unsigned mismatch
     1>e:\foresce_lads\lads_forsce_project\lads_frsce\code\hni.cpp(33): warning C4018: '<' : signed/unsigned mismatch
     1>e:\foresce_lads\lads_forsce_project\lads_frsce\code\hni.cpp(41): warning C4018: '<' : signed/unsigned mismatch
     1>e:\foresce_lads\lads_forsce_project\lads_frsce\code\hni.cpp(65): warning C4018: '<' : signed/unsigned mismatch
     1>e:\foresce_lads\lads_forsce_project\lads_frsce\code\hni.cpp(67): warning C4018: '<' : signed/unsigned mismatch
     1>e:\foresce_lads\lads_forsce_project\lads_frsce\code\hni.cpp(202): warning C4018: '<' : signed/unsigned mismatch
     1>e:\foresce_lads\lads_forsce_project\lads_frsce\code\hni.cpp(208): warning C4018: '<=' : signed/unsigned mismatch
     1>e:\foresce_lads\lads_forsce_project\lads_frsce\code\hni.cpp(274): warning C4018: '<' : signed/unsigned mismatch
     1>e:\foresce_lads\lads_forsce_project\lads_frsce\code\hni.cpp(293): warning C4018: '<' : signed/unsigned mismatch
     1>e:\foresce_lads\lads_forsce_project\lads_frsce\code\hni.cpp(261): warning C4101: 'hindex' : unreferenced local variable
     1>e:\foresce_lads\lads_forsce_project\lads_frsce\code\hni.cpp(261): warning C4101: 'hrow' : unreferenced local variable
     1>e:\foresce_lads\lads_forsce_project\lads_frsce\code\hni.cpp(262): warning C4101: 'temphnicells' : unreferenced local variable
     1>e:\foresce_lads\lads_forsce_project\lads_frsce\code\hni.cpp(261): warning C4101: 'hcol' : unreferenced local variable
     1>e:\foresce_lads\lads_forsce_project\lads_frsce\code\hni.cpp(334): warning C4018: '<=' : signed/unsigned mismatch
     1>e:\foresce_lads\lads_forsce_project\lads_frsce\code\hni.cpp(456): warning C4018: '>' : signed/unsigned mismatch
     1>e:\foresce_lads\lads_forsce_project\lads_frsce\code\hni.cpp(466): warning C4018: '>' : signed/unsigned mismatch
         vegetation.cpp
     1>e:\foresce_lads\lads_forsce_project\lads_frsce\code\vegetation.cpp(342): warning C4101: 'treatedcells' : unreferenced local variable
         stdafx.cpp
         demand.cpp
     1>e:\foresce_lads\lads_forsce_project\lads_frsce\code\demand.cpp(54): warning C4018: '<' : signed/unsigned mismatch
         randnum.cpp
     1>e:\foresce_lads\lads_forsce_project\lads_frsce\code\randnum.cpp(108): warning C4101: 'y' : unreferenced local variable
     1>e:\foresce_lads\lads_forsce_project\lads_frsce\code\randnum.cpp(108): warning C4101: 'x' : unreferenced local variable
         probSurface.cpp
     1>e:\foresce_lads\lads_forsce_project\lads_frsce\code\probsurface.cpp(76): warning C4018: '>' : signed/unsigned mismatch
         lccres.cpp
     1>e:\foresce_lads\lads_forsce_project\lads_frsce\code\lccres.cpp(37): warning C4244: '=' : conversion from 'double' to 'unsigned int', possible loss of data
     1>e:\foresce_lads\lads_forsce_project\lads_frsce\code\lccres.cpp(97): warning C4018: '<' : signed/unsigned mismatch
     1>e:\foresce_lads\lads_forsce_project\lads_frsce\code\lccres.cpp(99): warning C4018: '<' : signed/unsigned mismatch
     1>e:\foresce_lads\lads_forsce_project\lads_frsce\code\lccres.cpp(93): warning C4101: 'newstate' : unreferenced local variable
         lcc.cpp
     1>e:\foresce_lads\lads_forsce_project\lads_frsce\code\hni.h(34): warning C4091: 'extern ' : ignored on left of 'lccCells' when no variable is declared
     1>e:\foresce_lads\lads_forsce_project\lads_frsce\code\lcc.cpp(168): warning C4018: '<' : signed/unsigned mismatch
     1>e:\foresce_lads\lads_forsce_project\lads_frsce\code\lcc.cpp(205): warning C4018: '<' : signed/unsigned mismatch
     1>e:\foresce_lads\lads_forsce_project\lads_frsce\code\lcc.cpp(210): warning C4018: '<' : signed/unsigned mismatch
     1>e:\foresce_lads\lads_forsce_project\lads_frsce\code\lcc.cpp(243): warning C4018: '<' : signed/unsigned mismatch
     1>e:\foresce_lads\lads_forsce_project\lads_frsce\code\lcc.cpp(278): warning C4018: '<' : signed/unsigned mismatch
     1>e:\foresce_lads\lads_forsce_project\lads_frsce\code\lcc.cpp(283): warning C4018: '<' : signed/unsigned mismatch
     1>e:\foresce_lads\lads_forsce_project\lads_frsce\code\lcc.cpp(316): warning C4018: '<' : signed/unsigned mismatch
     1>e:\foresce_lads\lads_forsce_project\lads_frsce\code\lcc.cpp(390): warning C4018: '<' : signed/unsigned mismatch
     1>e:\foresce_lads\lads_forsce_project\lads_frsce\code\lcc.cpp(396): warning C4018: '<=' : signed/unsigned mismatch
     1>e:\foresce_lads\lads_forsce_project\lads_frsce\code\lcc.cpp(473): warning C4018: '<' : signed/unsigned mismatch
     1>e:\foresce_lads\lads_forsce_project\lads_frsce\code\lcc.cpp(475): warning C4018: '<' : signed/unsigned mismatch
     1>e:\foresce_lads\lads_forsce_project\lads_frsce\code\lcc.cpp(543): warning C4018: '<' : signed/unsigned mismatch
     1>e:\foresce_lads\lads_forsce_project\lads_frsce\code\lcc.cpp(564): warning C4018: '<' : signed/unsigned mismatch
     1>e:\foresce_lads\lads_forsce_project\lads_frsce\code\lcc.cpp(566): warning C4018: '<' : signed/unsigned mismatch
     1>e:\foresce_lads\lads_forsce_project\lads_frsce\code\lcc.cpp(634): warning C4018: '<' : signed/unsigned mismatch
     1>e:\foresce_lads\lads_forsce_project\lads_frsce\code\lcc.cpp(675): warning C4018: '<' : signed/unsigned mismatch
     1>e:\foresce_lads\lads_forsce_project\lads_frsce\code\lcc.cpp(695): warning C4018: '<' : signed/unsigned mismatch
     1>e:\foresce_lads\lads_forsce_project\lads_frsce\code\lcc.cpp(697): warning C4018: '<' : signed/unsigned mismatch
     1>e:\foresce_lads\lads_forsce_project\lads_frsce\code\lcc.cpp(761): warning C4018: '<=' : signed/unsigned mismatch
     1>e:\foresce_lads\lads_forsce_project\lads_frsce\code\lcc.cpp(903): warning C4018: '>' : signed/unsigned mismatch
     1>e:\foresce_lads\lads_forsce_project\lads_frsce\code\lcc.cpp(914): warning C4018: '>' : signed/unsigned mismatch
     1>e:\foresce_lads\lads_forsce_project\lads_frsce\code\lcc.cpp(1015): warning C4018: '<=' : signed/unsigned mismatch
     1>e:\foresce_lads\lads_forsce_project\lads_frsce\code\lcc.cpp(1017): warning C4018: '<' : signed/unsigned mismatch
     1>e:\foresce_lads\lads_forsce_project\lads_frsce\code\lcc.cpp(1033): warning C4018: '<=' : signed/unsigned mismatch
     1>e:\foresce_lads\lads_forsce_project\lads_frsce\code\lcc.cpp(1052): warning C4996: 'strcpy': This function or variable may be unsafe. Consider using strcpy_s instead. To disable deprecation, use _CRT_SECURE_NO_WARNINGS. See online help for details.
                 c:\program files (x86)\microsoft visual studio 11.0\vc\include\string.h(110) : see declaration of 'strcpy'
         ladsio.cpp
     1>e:\foresce_lads\lads_forsce_project\lads_frsce\code\ladsio.cpp(35): warning C4996: 'strcpy': This function or variable may be unsafe. Consider using strcpy_s instead. To disable deprecation, use _CRT_SECURE_NO_WARNINGS. See online help for details.
                 c:\program files (x86)\microsoft visual studio 11.0\vc\include\string.h(110) : see declaration of 'strcpy'
     1>e:\foresce_lads\lads_forsce_project\lads_frsce\code\ladsio.cpp(36): warning C4996: 'strcat': This function or variable may be unsafe. Consider using strcat_s instead. To disable deprecation, use _CRT_SECURE_NO_WARNINGS. See online help for details.
                 c:\program files (x86)\microsoft visual studio 11.0\vc\include\string.h(115) : see declaration of 'strcat'
     1>e:\foresce_lads\lads_forsce_project\lads_frsce\code\ladsio.cpp(38): warning C4996: 'fopen': This function or variable may be unsafe. Consider using fopen_s instead. To disable deprecation, use _CRT_SECURE_NO_WARNINGS. See online help for details.
                 c:\program files (x86)\microsoft visual studio 11.0\vc\include\stdio.h(218) : see declaration of 'fopen'
     1>e:\foresce_lads\lads_forsce_project\lads_frsce\code\ladsio.cpp(73): warning C4996: 'strcpy': This function or variable may be unsafe. Consider using strcpy_s instead. To disable deprecation, use _CRT_SECURE_NO_WARNINGS. See online help for details.
                 c:\program files (x86)\microsoft visual studio 11.0\vc\include\string.h(110) : see declaration of 'strcpy'
     1>e:\foresce_lads\lads_forsce_project\lads_frsce\code\ladsio.cpp(74): warning C4996: 'strcat': This function or variable may be unsafe. Consider using strcat_s instead. To disable deprecation, use _CRT_SECURE_NO_WARNINGS. See online help for details.
                 c:\program files (x86)\microsoft visual studio 11.0\vc\include\string.h(115) : see declaration of 'strcat'
     1>e:\foresce_lads\lads_forsce_project\lads_frsce\code\ladsio.cpp(76): warning C4996: 'fopen': This function or variable may be unsafe. Consider using fopen_s instead. To disable deprecation, use _CRT_SECURE_NO_WARNINGS. See online help for details.
                 c:\program files (x86)\microsoft visual studio 11.0\vc\include\stdio.h(218) : see declaration of 'fopen'
     1>e:\foresce_lads\lads_forsce_project\lads_frsce\code\ladsio.cpp(114): warning C4996: 'strcpy': This function or variable may be unsafe. Consider using strcpy_s instead. To disable deprecation, use _CRT_SECURE_NO_WARNINGS. See online help for details.
                 c:\program files (x86)\microsoft visual studio 11.0\vc\include\string.h(110) : see declaration of 'strcpy'
     1>e:\foresce_lads\lads_forsce_project\lads_frsce\code\ladsio.cpp(115): warning C4996: 'strcat': This function or variable may be unsafe. Consider using strcat_s instead. To disable deprecation, use _CRT_SECURE_NO_WARNINGS. See online help for details.
                 c:\program files (x86)\microsoft visual studio 11.0\vc\include\string.h(115) : see declaration of 'strcat'
     1>e:\foresce_lads\lads_forsce_project\lads_frsce\code\ladsio.cpp(117): warning C4996: 'fopen': This function or variable may be unsafe. Consider using fopen_s instead. To disable deprecation, use _CRT_SECURE_NO_WARNINGS. See online help for details.
                 c:\program files (x86)\microsoft visual studio 11.0\vc\include\stdio.h(218) : see declaration of 'fopen'
     1>e:\foresce_lads\lads_forsce_project\lads_frsce\code\ladsio.cpp(151): warning C4996: 'strcpy': This function or variable may be unsafe. Consider using strcpy_s instead. To disable deprecation, use _CRT_SECURE_NO_WARNINGS. See online help for details.
                 c:\program files (x86)\microsoft visual studio 11.0\vc\include\string.h(110) : see declaration of 'strcpy'
     1>e:\foresce_lads\lads_forsce_project\lads_frsce\code\ladsio.cpp(152): warning C4996: 'strcat': This function or variable may be unsafe. Consider using strcat_s instead. To disable deprecation, use _CRT_SECURE_NO_WARNINGS. See online help for details.
                 c:\program files (x86)\microsoft visual studio 11.0\vc\include\string.h(115) : see declaration of 'strcat'
     1>e:\foresce_lads\lads_forsce_project\lads_frsce\code\ladsio.cpp(154): warning C4996: 'fopen': This function or variable may be unsafe. Consider using fopen_s instead. To disable deprecation, use _CRT_SECURE_NO_WARNINGS. See online help for details.
                 c:\program files (x86)\microsoft visual studio 11.0\vc\include\stdio.h(218) : see declaration of 'fopen'
     1>e:\foresce_lads\lads_forsce_project\lads_frsce\code\ladsio.cpp(186): warning C4996: 'strcpy': This function or variable may be unsafe. Consider using strcpy_s instead. To disable deprecation, use _CRT_SECURE_NO_WARNINGS. See online help for details.
                 c:\program files (x86)\microsoft visual studio 11.0\vc\include\string.h(110) : see declaration of 'strcpy'
     1>e:\foresce_lads\lads_forsce_project\lads_frsce\code\ladsio.cpp(187): warning C4996: 'strcat': This function or variable may be unsafe. Consider using strcat_s instead. To disable deprecation, use _CRT_SECURE_NO_WARNINGS. See online help for details.
                 c:\program files (x86)\microsoft visual studio 11.0\vc\include\string.h(115) : see declaration of 'strcat'
     1>e:\foresce_lads\lads_forsce_project\lads_frsce\code\ladsio.cpp(189): warning C4996: 'fopen': This function or variable may be unsafe. Consider using fopen_s instead. To disable deprecation, use _CRT_SECURE_NO_WARNINGS. See online help for details.
                 c:\program files (x86)\microsoft visual studio 11.0\vc\include\stdio.h(218) : see declaration of 'fopen'
     1>e:\foresce_lads\lads_forsce_project\lads_frsce\code\ladsio.cpp(215): warning C4996: 'strcpy': This function or variable may be unsafe. Consider using strcpy_s instead. To disable deprecation, use _CRT_SECURE_NO_WARNINGS. See online help for details.
                 c:\program files (x86)\microsoft visual studio 11.0\vc\include\string.h(110) : see declaration of 'strcpy'
     1>e:\foresce_lads\lads_forsce_project\lads_frsce\code\ladsio.cpp(263): warning C4996: 'fopen': This function or variable may be unsafe. Consider using fopen_s instead. To disable deprecation, use _CRT_SECURE_NO_WARNINGS. See online help for details.
                 c:\program files (x86)\microsoft visual studio 11.0\vc\include\stdio.h(218) : see declaration of 'fopen'
     1>e:\foresce_lads\lads_forsce_project\lads_frsce\code\ladsio.cpp(265): warning C4996: 'strcpy': This function or variable may be unsafe. Consider using strcpy_s instead. To disable deprecation, use _CRT_SECURE_NO_WARNINGS. See online help for details.
                 c:\program files (x86)\microsoft visual studio 11.0\vc\include\string.h(110) : see declaration of 'strcpy'
     1>e:\foresce_lads\lads_forsce_project\lads_frsce\code\ladsio.cpp(298): warning C4996: 'strcpy': This function or variable may be unsafe. Consider using strcpy_s instead. To disable deprecation, use _CRT_SECURE_NO_WARNINGS. See online help for details.
                 c:\program files (x86)\microsoft visual studio 11.0\vc\include\string.h(110) : see declaration of 'strcpy'
     1>e:\foresce_lads\lads_forsce_project\lads_frsce\code\ladsio.cpp(299): warning C4996: 'strcat': This function or variable may be unsafe. Consider using strcat_s instead. To disable deprecation, use _CRT_SECURE_NO_WARNINGS. See online help for details.
                 c:\program files (x86)\microsoft visual studio 11.0\vc\include\string.h(115) : see declaration of 'strcat'
     1>e:\foresce_lads\lads_forsce_project\lads_frsce\code\ladsio.cpp(300): warning C4996: 'itoa': The POSIX name for this item is deprecated. Instead, use the ISO C++ conformant name: _itoa. See online help for details.
                 c:\program files (x86)\microsoft visual studio 11.0\vc\include\stdlib.h(909) : see declaration of 'itoa'
     1>e:\foresce_lads\lads_forsce_project\lads_frsce\code\ladsio.cpp(301): warning C4996: 'strcat': This function or variable may be unsafe. Consider using strcat_s instead. To disable deprecation, use _CRT_SECURE_NO_WARNINGS. See online help for details.
                 c:\program files (x86)\microsoft visual studio 11.0\vc\include\string.h(115) : see declaration of 'strcat'
     1>e:\foresce_lads\lads_forsce_project\lads_frsce\code\ladsio.cpp(302): warning C4996: 'strcat': This function or variable may be unsafe. Consider using strcat_s instead. To disable deprecation, use _CRT_SECURE_NO_WARNINGS. See online help for details.
                 c:\program files (x86)\microsoft visual studio 11.0\vc\include\string.h(115) : see declaration of 'strcat'
     1>e:\foresce_lads\lads_forsce_project\lads_frsce\code\ladsio.cpp(338): warning C4996: 'strcpy': This function or variable may be unsafe. Consider using strcpy_s instead. To disable deprecation, use _CRT_SECURE_NO_WARNINGS. See online help for details.
                 c:\program files (x86)\microsoft visual studio 11.0\vc\include\string.h(110) : see declaration of 'strcpy'
     1>e:\foresce_lads\lads_forsce_project\lads_frsce\code\ladsio.cpp(339): warning C4996: 'strcat': This function or variable may be unsafe. Consider using strcat_s instead. To disable deprecation, use _CRT_SECURE_NO_WARNINGS. See online help for details.
                 c:\program files (x86)\microsoft visual studio 11.0\vc\include\string.h(115) : see declaration of 'strcat'
     1>e:\foresce_lads\lads_forsce_project\lads_frsce\code\ladsio.cpp(373): warning C4996: 'strcpy': This function or variable may be unsafe. Consider using strcpy_s instead. To disable deprecation, use _CRT_SECURE_NO_WARNINGS. See online help for details.
                 c:\program files (x86)\microsoft visual studio 11.0\vc\include\string.h(110) : see declaration of 'strcpy'
     1>e:\foresce_lads\lads_forsce_project\lads_frsce\code\ladsio.cpp(374): warning C4996: 'strcat': This function or variable may be unsafe. Consider using strcat_s instead. To disable deprecation, use _CRT_SECURE_NO_WARNINGS. See online help for details.
                 c:\program files (x86)\microsoft visual studio 11.0\vc\include\string.h(115) : see declaration of 'strcat'
     1>e:\foresce_lads\lads_forsce_project\lads_frsce\code\ladsio.cpp(392): warning C4996: 'strcpy': This function or variable may be unsafe. Consider using strcpy_s instead. To disable deprecation, use _CRT_SECURE_NO_WARNINGS. See online help for details.
                 c:\program files (x86)\microsoft visual studio 11.0\vc\include\string.h(110) : see declaration of 'strcpy'
     1>e:\foresce_lads\lads_forsce_project\lads_frsce\code\ladsio.cpp(393): warning C4996: 'strcat': This function or variable may be unsafe. Consider using strcat_s instead. To disable deprecation, use _CRT_SECURE_NO_WARNINGS. See online help for details.
                 c:\program files (x86)\microsoft visual studio 11.0\vc\include\string.h(115) : see declaration of 'strcat'
     1>e:\foresce_lads\lads_forsce_project\lads_frsce\code\ladsio.cpp(427): warning C4996: 'strcpy': This function or variable may be unsafe. Consider using strcpy_s instead. To disable deprecation, use _CRT_SECURE_NO_WARNINGS. See online help for details.
                 c:\program files (x86)\microsoft visual studio 11.0\vc\include\string.h(110) : see declaration of 'strcpy'
     1>e:\foresce_lads\lads_forsce_project\lads_frsce\code\ladsio.cpp(428): warning C4996: 'strcat': This function or variable may be unsafe. Consider using strcat_s instead. To disable deprecation, use _CRT_SECURE_NO_WARNINGS. See online help for details.
                 c:\program files (x86)\microsoft visual studio 11.0\vc\include\string.h(115) : see declaration of 'strcat'
     1>e:\foresce_lads\lads_forsce_project\lads_frsce\code\ladsio.cpp(429): warning C4996: 'strcat': This function or variable may be unsafe. Consider using strcat_s instead. To disable deprecation, use _CRT_SECURE_NO_WARNINGS. See online help for details.
                 c:\program files (x86)\microsoft visual studio 11.0\vc\include\string.h(115) : see declaration of 'strcat'
     1>e:\foresce_lads\lads_forsce_project\lads_frsce\code\ladsio.cpp(423): warning C4101: 'yearstr' : unreferenced local variable
     1>e:\foresce_lads\lads_forsce_project\lads_frsce\code\ladsio.cpp(481): warning C4996: 'strcpy': This function or variable may be unsafe. Consider using strcpy_s instead. To disable deprecation, use _CRT_SECURE_NO_WARNINGS. See online help for details.
                 c:\program files (x86)\microsoft visual studio 11.0\vc\include\string.h(110) : see declaration of 'strcpy'
     1>e:\foresce_lads\lads_forsce_project\lads_frsce\code\ladsio.cpp(482): warning C4996: 'itoa': The POSIX name for this item is deprecated. Instead, use the ISO C++ conformant name: _itoa. See online help for details.
                 c:\program files (x86)\microsoft visual studio 11.0\vc\include\stdlib.h(909) : see declaration of 'itoa'
     1>e:\foresce_lads\lads_forsce_project\lads_frsce\code\ladsio.cpp(483): warning C4996: 'strcat': This function or variable may be unsafe. Consider using strcat_s instead. To disable deprecation, use _CRT_SECURE_NO_WARNINGS. See online help for details.
                 c:\program files (x86)\microsoft visual studio 11.0\vc\include\string.h(115) : see declaration of 'strcat'
     1>e:\foresce_lads\lads_forsce_project\lads_frsce\code\ladsio.cpp(484): warning C4996: 'strcat': This function or variable may be unsafe. Consider using strcat_s instead. To disable deprecation, use _CRT_SECURE_NO_WARNINGS. See online help for details.
                 c:\program files (x86)\microsoft visual studio 11.0\vc\include\string.h(115) : see declaration of 'strcat'
     1>e:\foresce_lads\lads_forsce_project\lads_frsce\code\ladsio.cpp(485): warning C4996: 'strcat': This function or variable may be unsafe. Consider using strcat_s instead. To disable deprecation, use _CRT_SECURE_NO_WARNINGS. See online help for details.
                 c:\program files (x86)\microsoft visual studio 11.0\vc\include\string.h(115) : see declaration of 'strcat'
     1>e:\foresce_lads\lads_forsce_project\lads_frsce\code\ladsio.cpp(487): warning C4996: 'strcpy': This function or variable may be unsafe. Consider using strcpy_s instead. To disable deprecation, use _CRT_SECURE_NO_WARNINGS. See online help for details.
                 c:\program files (x86)\microsoft visual studio 11.0\vc\include\string.h(110) : see declaration of 'strcpy'
     1>e:\foresce_lads\lads_forsce_project\lads_frsce\code\ladsio.cpp(488): warning C4996: 'itoa': The POSIX name for this item is deprecated. Instead, use the ISO C++ conformant name: _itoa. See online help for details.
                 c:\program files (x86)\microsoft visual studio 11.0\vc\include\stdlib.h(909) : see declaration of 'itoa'
     1>e:\foresce_lads\lads_forsce_project\lads_frsce\code\ladsio.cpp(489): warning C4996: 'strcat': This function or variable may be unsafe. Consider using strcat_s instead. To disable deprecation, use _CRT_SECURE_NO_WARNINGS. See online help for details.
                 c:\program files (x86)\microsoft visual studio 11.0\vc\include\string.h(115) : see declaration of 'strcat'
     1>e:\foresce_lads\lads_forsce_project\lads_frsce\code\ladsio.cpp(490): warning C4996: 'strcat': This function or variable may be unsafe. Consider using strcat_s instead. To disable deprecation, use _CRT_SECURE_NO_WARNINGS. See online help for details.
                 c:\program files (x86)\microsoft visual studio 11.0\vc\include\string.h(115) : see declaration of 'strcat'
     1>e:\foresce_lads\lads_forsce_project\lads_frsce\code\ladsio.cpp(491): warning C4996: 'strcat': This function or variable may be unsafe. Consider using strcat_s instead. To disable deprecation, use _CRT_SECURE_NO_WARNINGS. See online help for details.
                 c:\program files (x86)\microsoft visual studio 11.0\vc\include\string.h(115) : see declaration of 'strcat'
     1>e:\foresce_lads\lads_forsce_project\lads_frsce\code\ladsio.cpp(539): warning C4996: 'strcpy': This function or variable may be unsafe. Consider using strcpy_s instead. To disable deprecation, use _CRT_SECURE_NO_WARNINGS. See online help for details.
                 c:\program files (x86)\microsoft visual studio 11.0\vc\include\string.h(110) : see declaration of 'strcpy'
     1>e:\foresce_lads\lads_forsce_project\lads_frsce\code\ladsio.cpp(540): warning C4996: 'strcpy': This function or variable may be unsafe. Consider using strcpy_s instead. To disable deprecation, use _CRT_SECURE_NO_WARNINGS. See online help for details.
                 c:\program files (x86)\microsoft visual studio 11.0\vc\include\string.h(110) : see declaration of 'strcpy'
     1>e:\foresce_lads\lads_forsce_project\lads_frsce\code\ladsio.cpp(541): warning C4996: 'itoa': The POSIX name for this item is deprecated. Instead, use the ISO C++ conformant name: _itoa. See online help for details.
                 c:\program files (x86)\microsoft visual studio 11.0\vc\include\stdlib.h(909) : see declaration of 'itoa'
     1>e:\foresce_lads\lads_forsce_project\lads_frsce\code\ladsio.cpp(542): warning C4996: 'strcat': This function or variable may be unsafe. Consider using strcat_s instead. To disable deprecation, use _CRT_SECURE_NO_WARNINGS. See online help for details.
                 c:\program files (x86)\microsoft visual studio 11.0\vc\include\string.h(115) : see declaration of 'strcat'
     1>e:\foresce_lads\lads_forsce_project\lads_frsce\code\ladsio.cpp(543): warning C4996: 'strcat': This function or variable may be unsafe. Consider using strcat_s instead. To disable deprecation, use _CRT_SECURE_NO_WARNINGS. See online help for details.
                 c:\program files (x86)\microsoft visual studio 11.0\vc\include\string.h(115) : see declaration of 'strcat'
     1>e:\foresce_lads\lads_forsce_project\lads_frsce\code\ladsio.cpp(544): warning C4996: 'strcat': This function or variable may be unsafe. Consider using strcat_s instead. To disable deprecation, use _CRT_SECURE_NO_WARNINGS. See online help for details.
                 c:\program files (x86)\microsoft visual studio 11.0\vc\include\string.h(115) : see declaration of 'strcat'
     1>e:\foresce_lads\lads_forsce_project\lads_frsce\code\ladsio.cpp(545): warning C4996: 'strcat': This function or variable may be unsafe. Consider using strcat_s instead. To disable deprecation, use _CRT_SECURE_NO_WARNINGS. See online help for details.
                 c:\program files (x86)\microsoft visual studio 11.0\vc\include\string.h(115) : see declaration of 'strcat'
     1>e:\foresce_lads\lads_forsce_project\lads_frsce\code\ladsio.cpp(546): warning C4996: 'strcat': This function or variable may be unsafe. Consider using strcat_s instead. To disable deprecation, use _CRT_SECURE_NO_WARNINGS. See online help for details.
                 c:\program files (x86)\microsoft visual studio 11.0\vc\include\string.h(115) : see declaration of 'strcat'
     1>e:\foresce_lads\lads_forsce_project\lads_frsce\code\ladsio.cpp(547): warning C4996: 'strcat': This function or variable may be unsafe. Consider using strcat_s instead. To disable deprecation, use _CRT_SECURE_NO_WARNINGS. See online help for details.
                 c:\program files (x86)\microsoft visual studio 11.0\vc\include\string.h(115) : see declaration of 'strcat'
     1>e:\foresce_lads\lads_forsce_project\lads_frsce\code\ladsio.cpp(667): warning C4996: 'strcpy': This function or variable may be unsafe. Consider using strcpy_s instead. To disable deprecation, use _CRT_SECURE_NO_WARNINGS. See online help for details.
                 c:\program files (x86)\microsoft visual studio 11.0\vc\include\string.h(110) : see declaration of 'strcpy'
     1>e:\foresce_lads\lads_forsce_project\lads_frsce\code\ladsio.cpp(668): warning C4996: 'strcat': This function or variable may be unsafe. Consider using strcat_s instead. To disable deprecation, use _CRT_SECURE_NO_WARNINGS. See online help for details.
                 c:\program files (x86)\microsoft visual studio 11.0\vc\include\string.h(115) : see declaration of 'strcat'
     1>e:\foresce_lads\lads_forsce_project\lads_frsce\code\ladsio.cpp(669): warning C4996: 'strcat': This function or variable may be unsafe. Consider using strcat_s instead. To disable deprecation, use _CRT_SECURE_NO_WARNINGS. See online help for details.
                 c:\program files (x86)\microsoft visual studio 11.0\vc\include\string.h(115) : see declaration of 'strcat'
     1>e:\foresce_lads\lads_forsce_project\lads_frsce\code\ladsio.cpp(661): warning C4101: 'col' : unreferenced local variable
     1>e:\foresce_lads\lads_forsce_project\lads_frsce\code\ladsio.cpp(662): warning C4101: 'index' : unreferenced local variable
     1>e:\foresce_lads\lads_forsce_project\lads_frsce\code\ladsio.cpp(660): warning C4101: 'row' : unreferenced local variable
     1>e:\foresce_lads\lads_forsce_project\lads_frsce\code\ladsio.cpp(663): warning C4101: 'struc' : unreferenced local variable
     1>e:\foresce_lads\lads_forsce_project\lads_frsce\code\ladsio.cpp(691): warning C4996: 'strcpy': This function or variable may be unsafe. Consider using strcpy_s instead. To disable deprecation, use _CRT_SECURE_NO_WARNINGS. See online help for details.
                 c:\program files (x86)\microsoft visual studio 11.0\vc\include\string.h(110) : see declaration of 'strcpy'
     1>e:\foresce_lads\lads_forsce_project\lads_frsce\code\ladsio.cpp(693): warning C4996: 'strcat': This function or variable may be unsafe. Consider using strcat_s instead. To disable deprecation, use _CRT_SECURE_NO_WARNINGS. See online help for details.
                 c:\program files (x86)\microsoft visual studio 11.0\vc\include\string.h(115) : see declaration of 'strcat'
     1>e:\foresce_lads\lads_forsce_project\lads_frsce\code\ladsio.cpp(694): warning C4996: 'strcat': This function or variable may be unsafe. Consider using strcat_s instead. To disable deprecation, use _CRT_SECURE_NO_WARNINGS. See online help for details.
                 c:\program files (x86)\microsoft visual studio 11.0\vc\include\string.h(115) : see declaration of 'strcat'
     1>e:\foresce_lads\lads_forsce_project\lads_frsce\code\ladsio.cpp(684): warning C4101: 'col' : unreferenced local variable
     1>e:\foresce_lads\lads_forsce_project\lads_frsce\code\ladsio.cpp(687): warning C4101: 'yearstr' : unreferenced local variable
     1>e:\foresce_lads\lads_forsce_project\lads_frsce\code\ladsio.cpp(685): warning C4101: 'index' : unreferenced local variable
     1>e:\foresce_lads\lads_forsce_project\lads_frsce\code\ladsio.cpp(683): warning C4101: 'row' : unreferenced local variable
     1>e:\foresce_lads\lads_forsce_project\lads_frsce\code\ladsio.cpp(686): warning C4101: 'struc' : unreferenced local variable
     1>e:\foresce_lads\lads_forsce_project\lads_frsce\code\ladsio.cpp(718): warning C4996: 'strcpy': This function or variable may be unsafe. Consider using strcpy_s instead. To disable deprecation, use _CRT_SECURE_NO_WARNINGS. See online help for details.
                 c:\program files (x86)\microsoft visual studio 11.0\vc\include\string.h(110) : see declaration of 'strcpy'
     1>e:\foresce_lads\lads_forsce_project\lads_frsce\code\ladsio.cpp(720): warning C4996: 'strcat': This function or variable may be unsafe. Consider using strcat_s instead. To disable deprecation, use _CRT_SECURE_NO_WARNINGS. See online help for details.
                 c:\program files (x86)\microsoft visual studio 11.0\vc\include\string.h(115) : see declaration of 'strcat'
     1>e:\foresce_lads\lads_forsce_project\lads_frsce\code\ladsio.cpp(721): warning C4996: 'strcat': This function or variable may be unsafe. Consider using strcat_s instead. To disable deprecation, use _CRT_SECURE_NO_WARNINGS. See online help for details.
                 c:\program files (x86)\microsoft visual studio 11.0\vc\include\string.h(115) : see declaration of 'strcat'
     1>e:\foresce_lads\lads_forsce_project\lads_frsce\code\ladsio.cpp(711): warning C4101: 'col' : unreferenced local variable
     1>e:\foresce_lads\lads_forsce_project\lads_frsce\code\ladsio.cpp(714): warning C4101: 'yearstr' : unreferenced local variable
     1>e:\foresce_lads\lads_forsce_project\lads_frsce\code\ladsio.cpp(712): warning C4101: 'index' : unreferenced local variable
     1>e:\foresce_lads\lads_forsce_project\lads_frsce\code\ladsio.cpp(710): warning C4101: 'row' : unreferenced local variable
     1>e:\foresce_lads\lads_forsce_project\lads_frsce\code\ladsio.cpp(713): warning C4101: 'struc' : unreferenced local variable
     1>e:\foresce_lads\lads_forsce_project\lads_frsce\code\ladsio.cpp(745): warning C4996: 'strcpy': This function or variable may be unsafe. Consider using strcpy_s instead. To disable deprecation, use _CRT_SECURE_NO_WARNINGS. See online help for details.
                 c:\program files (x86)\microsoft visual studio 11.0\vc\include\string.h(110) : see declaration of 'strcpy'
     1>e:\foresce_lads\lads_forsce_project\lads_frsce\code\ladsio.cpp(746): warning C4996: 'strcat': This function or variable may be unsafe. Consider using strcat_s instead. To disable deprecation, use _CRT_SECURE_NO_WARNINGS. See online help for details.
                 c:\program files (x86)\microsoft visual studio 11.0\vc\include\string.h(115) : see declaration of 'strcat'
     1>e:\foresce_lads\lads_forsce_project\lads_frsce\code\ladsio.cpp(747): warning C4996: 'strcat': This function or variable may be unsafe. Consider using strcat_s instead. To disable deprecation, use _CRT_SECURE_NO_WARNINGS. See online help for details.
                 c:\program files (x86)\microsoft visual studio 11.0\vc\include\string.h(115) : see declaration of 'strcat'
     1>e:\foresce_lads\lads_forsce_project\lads_frsce\code\ladsio.cpp(739): warning C4101: 'col' : unreferenced local variable
     1>e:\foresce_lads\lads_forsce_project\lads_frsce\code\ladsio.cpp(740): warning C4101: 'index' : unreferenced local variable
     1>e:\foresce_lads\lads_forsce_project\lads_frsce\code\ladsio.cpp(738): warning C4101: 'row' : unreferenced local variable
     1>e:\foresce_lads\lads_forsce_project\lads_frsce\code\ladsio.cpp(741): warning C4101: 'struc' : unreferenced local variable
     1>e:\foresce_lads\lads_forsce_project\lads_frsce\code\ladsio.cpp(771): warning C4996: 'strcpy': This function or variable may be unsafe. Consider using strcpy_s instead. To disable deprecation, use _CRT_SECURE_NO_WARNINGS. See online help for details.
                 c:\program files (x86)\microsoft visual studio 11.0\vc\include\string.h(110) : see declaration of 'strcpy'
     1>e:\foresce_lads\lads_forsce_project\lads_frsce\code\ladsio.cpp(772): warning C4996: 'strcat': This function or variable may be unsafe. Consider using strcat_s instead. To disable deprecation, use _CRT_SECURE_NO_WARNINGS. See online help for details.
                 c:\program files (x86)\microsoft visual studio 11.0\vc\include\string.h(115) : see declaration of 'strcat'
     1>e:\foresce_lads\lads_forsce_project\lads_frsce\code\ladsio.cpp(773): warning C4996: 'strcat': This function or variable may be unsafe. Consider using strcat_s instead. To disable deprecation, use _CRT_SECURE_NO_WARNINGS. See online help for details.
                 c:\program files (x86)\microsoft visual studio 11.0\vc\include\string.h(115) : see declaration of 'strcat'
     1>e:\foresce_lads\lads_forsce_project\lads_frsce\code\ladsio.cpp(764): warning C4101: 'col' : unreferenced local variable
     1>e:\foresce_lads\lads_forsce_project\lads_frsce\code\ladsio.cpp(767): warning C4101: 'yearstr' : unreferenced local variable
     1>e:\foresce_lads\lads_forsce_project\lads_frsce\code\ladsio.cpp(765): warning C4101: 'index' : unreferenced local variable
     1>e:\foresce_lads\lads_forsce_project\lads_frsce\code\ladsio.cpp(763): warning C4101: 'row' : unreferenced local variable
     1>e:\foresce_lads\lads_forsce_project\lads_frsce\code\ladsio.cpp(766): warning C4101: 'struc' : unreferenced local variable
         lads.cpp
     1>e:\foresce_lads\lads_forsce_project\lads_frsce\code\hni.h(34): warning C4091: 'extern ' : ignored on left of 'lccCells' when no variable is declared
     1>e:\foresce_lads\lads_forsce_project\lads_frsce\code\lads.cpp(357): warning C4996: 'strcpy': This function or variable may be unsafe. Consider using strcpy_s instead. To disable deprecation, use _CRT_SECURE_NO_WARNINGS. See online help for details.
                 c:\program files (x86)\microsoft visual studio 11.0\vc\include\string.h(110) : see declaration of 'strcpy'
     1>e:\foresce_lads\lads_forsce_project\lads_frsce\code\lads.cpp(358): warning C4996: 'strcpy': This function or variable may be unsafe. Consider using strcpy_s instead. To disable deprecation, use _CRT_SECURE_NO_WARNINGS. See online help for details.
                 c:\program files (x86)\microsoft visual studio 11.0\vc\include\string.h(110) : see declaration of 'strcpy'
     1>e:\foresce_lads\lads_forsce_project\lads_frsce\code\lads.cpp(359): warning C4996: 'strcat': This function or variable may be unsafe. Consider using strcat_s instead. To disable deprecation, use _CRT_SECURE_NO_WARNINGS. See online help for details.
                 c:\program files (x86)\microsoft visual studio 11.0\vc\include\string.h(115) : see declaration of 'strcat'
     1>e:\foresce_lads\lads_forsce_project\lads_frsce\code\lads.cpp(360): warning C4996: 'strcpy': This function or variable may be unsafe. Consider using strcpy_s instead. To disable deprecation, use _CRT_SECURE_NO_WARNINGS. See online help for details.
                 c:\program files (x86)\microsoft visual studio 11.0\vc\include\string.h(110) : see declaration of 'strcpy'
     1>e:\foresce_lads\lads_forsce_project\lads_frsce\code\lads.cpp(361): warning C4996: 'strcat': This function or variable may be unsafe. Consider using strcat_s instead. To disable deprecation, use _CRT_SECURE_NO_WARNINGS. See online help for details.
                 c:\program files (x86)\microsoft visual studio 11.0\vc\include\string.h(115) : see declaration of 'strcat'
     1>e:\foresce_lads\lads_forsce_project\lads_frsce\code\lads.cpp(362): warning C4996: 'strcpy': This function or variable may be unsafe. Consider using strcpy_s instead. To disable deprecation, use _CRT_SECURE_NO_WARNINGS. See online help for details.
                 c:\program files (x86)\microsoft visual studio 11.0\vc\include\string.h(110) : see declaration of 'strcpy'
     1>e:\foresce_lads\lads_forsce_project\lads_frsce\code\lads.cpp(363): warning C4996: 'strcat': This function or variable may be unsafe. Consider using strcat_s instead. To disable deprecation, use _CRT_SECURE_NO_WARNINGS. See online help for details.
                 c:\program files (x86)\microsoft visual studio 11.0\vc\include\string.h(115) : see declaration of 'strcat'
     1>e:\foresce_lads\lads_forsce_project\lads_frsce\code\lads.cpp(364): warning C4996: 'strcpy': This function or variable may be unsafe. Consider using strcpy_s instead. To disable deprecation, use _CRT_SECURE_NO_WARNINGS. See online help for details.
                 c:\program files (x86)\microsoft visual studio 11.0\vc\include\string.h(110) : see declaration of 'strcpy'
     1>e:\foresce_lads\lads_forsce_project\lads_frsce\code\lads.cpp(365): warning C4996: 'strcat': This function or variable may be unsafe. Consider using strcat_s instead. To disable deprecation, use _CRT_SECURE_NO_WARNINGS. See online help for details.
                 c:\program files (x86)\microsoft visual studio 11.0\vc\include\string.h(115) : see declaration of 'strcat'
     1>e:\foresce_lads\lads_forsce_project\lads_frsce\code\lads.cpp(366): warning C4996: 'strcpy': This function or variable may be unsafe. Consider using strcpy_s instead. To disable deprecation, use _CRT_SECURE_NO_WARNINGS. See online help for details.
                 c:\program files (x86)\microsoft visual studio 11.0\vc\include\string.h(110) : see declaration of 'strcpy'
     1>e:\foresce_lads\lads_forsce_project\lads_frsce\code\lads.cpp(367): warning C4996: 'strcat': This function or variable may be unsafe. Consider using strcat_s instead. To disable deprecation, use _CRT_SECURE_NO_WARNINGS. See online help for details.
                 c:\program files (x86)\microsoft visual studio 11.0\vc\include\string.h(115) : see declaration of 'strcat'
     1>e:\foresce_lads\lads_forsce_project\lads_frsce\code\lads.cpp(368): warning C4996: 'strcpy': This function or variable may be unsafe. Consider using strcpy_s instead. To disable deprecation, use _CRT_SECURE_NO_WARNINGS. See online help for details.
                 c:\program files (x86)\microsoft visual studio 11.0\vc\include\string.h(110) : see declaration of 'strcpy'
     1>e:\foresce_lads\lads_forsce_project\lads_frsce\code\lads.cpp(369): warning C4996: 'strcat': This function or variable may be unsafe. Consider using strcat_s instead. To disable deprecation, use _CRT_SECURE_NO_WARNINGS. See online help for details.
                 c:\program files (x86)\microsoft visual studio 11.0\vc\include\string.h(115) : see declaration of 'strcat'
     1>e:\foresce_lads\lads_forsce_project\lads_frsce\code\lads.cpp(370): warning C4996: 'strcpy': This function or variable may be unsafe. Consider using strcpy_s instead. To disable deprecation, use _CRT_SECURE_NO_WARNINGS. See online help for details.
                 c:\program files (x86)\microsoft visual studio 11.0\vc\include\string.h(110) : see declaration of 'strcpy'
     1>e:\foresce_lads\lads_forsce_project\lads_frsce\code\lads.cpp(371): warning C4996: 'strcat': This function or variable may be unsafe. Consider using strcat_s instead. To disable deprecation, use _CRT_SECURE_NO_WARNINGS. See online help for details.
                 c:\program files (x86)\microsoft visual studio 11.0\vc\include\string.h(115) : see declaration of 'strcat'
     1>e:\foresce_lads\lads_forsce_project\lads_frsce\code\lads.cpp(372): warning C4996: 'strcpy': This function or variable may be unsafe. Consider using strcpy_s instead. To disable deprecation, use _CRT_SECURE_NO_WARNINGS. See online help for details.
                 c:\program files (x86)\microsoft visual studio 11.0\vc\include\string.h(110) : see declaration of 'strcpy'
     1>e:\foresce_lads\lads_forsce_project\lads_frsce\code\lads.cpp(373): warning C4996: 'strcat': This function or variable may be unsafe. Consider using strcat_s instead. To disable deprecation, use _CRT_SECURE_NO_WARNINGS. See online help for details.
                 c:\program files (x86)\microsoft visual studio 11.0\vc\include\string.h(115) : see declaration of 'strcat'
     1>e:\foresce_lads\lads_forsce_project\lads_frsce\code\lads.cpp(374): warning C4996: 'strcpy': This function or variable may be unsafe. Consider using strcpy_s instead. To disable deprecation, use _CRT_SECURE_NO_WARNINGS. See online help for details.
                 c:\program files (x86)\microsoft visual studio 11.0\vc\include\string.h(110) : see declaration of 'strcpy'
     1>e:\foresce_lads\lads_forsce_project\lads_frsce\code\lads.cpp(375): warning C4996: 'strcat': This function or variable may be unsafe. Consider using strcat_s instead. To disable deprecation, use _CRT_SECURE_NO_WARNINGS. See online help for details.
                 c:\program files (x86)\microsoft visual studio 11.0\vc\include\string.h(115) : see declaration of 'strcat'
     1>e:\foresce_lads\lads_forsce_project\lads_frsce\code\lads.cpp(377): warning C4996: 'strcpy': This function or variable may be unsafe. Consider using strcpy_s instead. To disable deprecation, use _CRT_SECURE_NO_WARNINGS. See online help for details.
                 c:\program files (x86)\microsoft visual studio 11.0\vc\include\string.h(110) : see declaration of 'strcpy'
     1>e:\foresce_lads\lads_forsce_project\lads_frsce\code\lads.cpp(378): warning C4996: 'strcat': This function or variable may be unsafe. Consider using strcat_s instead. To disable deprecation, use _CRT_SECURE_NO_WARNINGS. See online help for details.
                 c:\program files (x86)\microsoft visual studio 11.0\vc\include\string.h(115) : see declaration of 'strcat'
     1>e:\foresce_lads\lads_forsce_project\lads_frsce\code\lads.cpp(380): warning C4996: 'strcpy': This function or variable may be unsafe. Consider using strcpy_s instead. To disable deprecation, use _CRT_SECURE_NO_WARNINGS. See online help for details.
                 c:\program files (x86)\microsoft visual studio 11.0\vc\include\string.h(110) : see declaration of 'strcpy'
     1>e:\foresce_lads\lads_forsce_project\lads_frsce\code\lads.cpp(381): warning C4996: 'strcat': This function or variable may be unsafe. Consider using strcat_s instead. To disable deprecation, use _CRT_SECURE_NO_WARNINGS. See online help for details.
                 c:\program files (x86)\microsoft visual studio 11.0\vc\include\string.h(115) : see declaration of 'strcat'
     1>e:\foresce_lads\lads_forsce_project\lads_frsce\code\lads.cpp(632): warning C4018: '<' : signed/unsigned mismatch
     1>e:\foresce_lads\lads_forsce_project\lads_frsce\code\lads.cpp(640): warning C4018: '<' : signed/unsigned mismatch
     1>e:\foresce_lads\lads_forsce_project\lads_frsce\code\lads.cpp(656): warning C4244: '=' : conversion from 'int' to 'float', possible loss of data
     1>e:\foresce_lads\lads_forsce_project\lads_frsce\code\lads.cpp(657): warning C4244: '=' : conversion from 'int' to 'float', possible loss of data
     1>e:\foresce_lads\lads_forsce_project\lads_frsce\code\lads.cpp(671): warning C4129: ' ' : unrecognized character escape sequence
     1>e:\foresce_lads\lads_forsce_project\lads_frsce\code\lads.cpp(682): warning C4018: '<' : signed/unsigned mismatch
     1>e:\foresce_lads\lads_forsce_project\lads_frsce\code\lads.cpp(684): warning C4244: 'argument' : conversion from 'float' to 'unsigned int', possible loss of data
     1>e:\foresce_lads\lads_forsce_project\lads_frsce\code\lads.cpp(687): warning C4244: 'argument' : conversion from 'float' to 'unsigned int', possible loss of data
     1>e:\foresce_lads\lads_forsce_project\lads_frsce\code\lads.cpp(691): warning C4244: 'argument' : conversion from 'int' to 'float', possible loss of data
     1>e:\foresce_lads\lads_forsce_project\lads_frsce\code\lads.cpp(771): warning C4996: 'strcpy': This function or variable may be unsafe. Consider using strcpy_s instead. To disable deprecation, use _CRT_SECURE_NO_WARNINGS. See online help for details.
                 c:\program files (x86)\microsoft visual studio 11.0\vc\include\string.h(110) : see declaration of 'strcpy'
     1>e:\foresce_lads\lads_forsce_project\lads_frsce\code\lads.cpp(772): warning C4996: 'strcpy': This function or variable may be unsafe. Consider using strcpy_s instead. To disable deprecation, use _CRT_SECURE_NO_WARNINGS. See online help for details.
                 c:\program files (x86)\microsoft visual studio 11.0\vc\include\string.h(110) : see declaration of 'strcpy'
     1>e:\foresce_lads\lads_forsce_project\lads_frsce\code\lads.cpp(773): warning C4996: 'strcpy': This function or variable may be unsafe. Consider using strcpy_s instead. To disable deprecation, use _CRT_SECURE_NO_WARNINGS. See online help for details.
                 c:\program files (x86)\microsoft visual studio 11.0\vc\include\string.h(110) : see declaration of 'strcpy'
     1>e:\foresce_lads\lads_forsce_project\lads_frsce\code\lads.cpp(780): warning C4996: 'strcat': This function or variable may be unsafe. Consider using strcat_s instead. To disable deprecation, use _CRT_SECURE_NO_WARNINGS. See online help for details.
                 c:\program files (x86)\microsoft visual studio 11.0\vc\include\string.h(115) : see declaration of 'strcat'
     1>e:\foresce_lads\lads_forsce_project\lads_frsce\code\lads.cpp(787): warning C4996: 'strcat': This function or variable may be unsafe. Consider using strcat_s instead. To disable deprecation, use _CRT_SECURE_NO_WARNINGS. See online help for details.
                 c:\program files (x86)\microsoft visual studio 11.0\vc\include\string.h(115) : see declaration of 'strcat'
     1>e:\foresce_lads\lads_forsce_project\lads_frsce\code\lads.cpp(844): warning C4244: 'argument' : conversion from 'time_t' to 'unsigned long', possible loss of data
     1>e:\foresce_lads\lads_forsce_project\lads_frsce\code\lads.cpp(1051): warning C4244: '=' : conversion from 'short' to 'unsigned char', possible loss of data
     1>e:\foresce_lads\lads_forsce_project\lads_frsce\code\lads.cpp(1088): warning C4018: '<' : signed/unsigned mismatch
     1>e:\foresce_lads\lads_forsce_project\lads_frsce\code\lads.cpp(1091): warning C4018: '<' : signed/unsigned mismatch
     1>e:\foresce_lads\lads_forsce_project\lads_frsce\code\lads.cpp(1211): warning C4018: '<' : signed/unsigned mismatch
     1>e:\foresce_lads\lads_forsce_project\lads_frsce\code\lads.cpp(1261): warning C4244: '=' : conversion from 'double' to 'int', possible loss of data
     1>e:\foresce_lads\lads_forsce_project\lads_frsce\code\lads.cpp(1349): warning C4996: 'itoa': The POSIX name for this item is deprecated. Instead, use the ISO C++ conformant name: _itoa. See online help for details.
                 c:\program files (x86)\microsoft visual studio 11.0\vc\include\stdlib.h(909) : see declaration of 'itoa'
     1>e:\foresce_lads\lads_forsce_project\lads_frsce\code\lads.cpp(1367): warning C4996: 'itoa': The POSIX name for this item is deprecated. Instead, use the ISO C++ conformant name: _itoa. See online help for details.
                 c:\program files (x86)\microsoft visual studio 11.0\vc\include\stdlib.h(909) : see declaration of 'itoa'
     1>e:\foresce_lads\lads_forsce_project\lads_frsce\code\lads.cpp(292): warning C4101: 'munitnum' : unreferenced local variable
     1>e:\foresce_lads\lads_forsce_project\lads_frsce\code\lads.cpp(298): warning C4101: 'unitcounter' : unreferenced local variable
     1>e:\foresce_lads\lads_forsce_project\lads_frsce\code\lads.cpp(297): warning C4101: 'initindex' : unreferenced local variable
     1>e:\foresce_lads\lads_forsce_project\lads_frsce\code\lads.cpp(274): warning C4101: 'treatcnt' : unreferenced local variable
     1>e:\foresce_lads\lads_forsce_project\lads_frsce\code\lads.cpp(328): warning C4101: 'felong' : unreferenced local variable
     1>e:\foresce_lads\lads_forsce_project\lads_frsce\code\lads.cpp(277): warning C4101: 'fperim' : unreferenced local variable
     1>e:\foresce_lads\lads_forsce_project\lads_frsce\code\lads.cpp(293): warning C4101: 'maxtreat' : unreferenced local variable
     1>e:\foresce_lads\lads_forsce_project\lads_frsce\code\lads.cpp(299): warning C4101: 'unitcnt' : unreferenced local variable
     1>e:\foresce_lads\lads_forsce_project\lads_frsce\code\lads.cpp(294): warning C4101: 'cumtreat' : unreferenced local variable
     1>e:\foresce_lads\lads_forsce_project\lads_frsce\code\lads.cpp(295): warning C4101: 'curtreat' : unreferenced local variable
     1>e:\foresce_lads\lads_forsce_project\lads_frsce\code\lads.cpp(284): warning C4101: 'islands' : unreferenced local variable
         harvest.cpp
     1>e:\foresce_lads\lads_forsce_project\lads_frsce\code\harvest.cpp(61): warning C4018: '<' : signed/unsigned mismatch
     1>e:\foresce_lads\lads_forsce_project\lads_frsce\code\harvest.cpp(70): warning C4018: '<=' : signed/unsigned mismatch
     1>e:\foresce_lads\lads_forsce_project\lads_frsce\code\harvest.cpp(31): warning C4101: 'dlag' : unreferenced local variable
     1>e:\foresce_lads\lads_forsce_project\lads_frsce\code\harvest.cpp(31): warning C4101: 'minlag' : unreferenced local variable
     1>e:\foresce_lads\lads_forsce_project\lads_frsce\code\harvest.cpp(31): warning C4101: 'maxlag' : unreferenced local variable
     1>e:\foresce_lads\lads_forsce_project\lads_frsce\code\harvest.cpp(136): warning C4018: '>=' : signed/unsigned mismatch
     1>e:\foresce_lads\lads_forsce_project\lads_frsce\code\harvest.cpp(217): warning C4018: '>' : signed/unsigned mismatch
         fires.cpp
     1>e:\foresce_lads\lads_forsce_project\lads_frsce\code\fires.cpp(64): warning C4244: '=' : conversion from 'double' to 'float', possible loss of data
     1>e:\foresce_lads\lads_forsce_project\lads_frsce\code\fires.cpp(190): warning C4244: '=' : conversion from 'double' to 'float', possible loss of data
         errorCheck.cpp
         celllist.cpp
         biomass.cpp
         Generating Code...
     1>e:\foresce_lads\lads_forsce_project\lads_frsce\code\lcc.cpp(157): warning C4715: 'getNeighbourLag' : not all control paths return a value
     1>e:\foresce_lads\lads_forsce_project\lads_frsce\code\lcc.cpp(343): warning C4715: 'cellTrasition' : not all control paths return a value
     1>e:\foresce_lads\lads_forsce_project\lads_frsce\code\lccres.cpp(67): warning C4715: 'getOwnershipStatus' : not all control paths return a value
     1>e:\foresce_lads\lads_forsce_project\lads_frsce\code\hni.cpp(165): warning C4715: 'getHnilag' : not all control paths return a value
       Link:
         C:\Program Files (x86)\Microsoft Visual Studio 11.0\VC\bin\link.exe /ERRORREPORT:PROMPT /OUT:"E:\FORESCE_LADS\Lads_Forsce_Project\Lads_Frsce\Lads_Forsce\Debug\Change.exe" /INCREMENTAL /NOLOGO kernel32.lib user32.lib gdi32.lib winspool.lib comdlg32.lib advapi32.lib shell32.lib ole32.lib oleaut32.lib uuid.lib odbc32.lib odbccp32.lib /MANIFEST /MANIFESTUAC:"level='asInvoker' uiAccess='false'" /manifest:embed /DEBUG /PDB:"E:\FORESCE_LADS\Lads_Forsce_Project\Lads_Frsce\Lads_Forsce\Debug\Change.pdb" /SUBSYSTEM:CONSOLE /TLBID:1 /DYNAMICBASE /NXCOMPAT /IMPLIB:"E:\FORESCE_LADS\Lads_Forsce_Project\Lads_Frsce\Lads_Forsce\Debug\Change.lib" /MACHINE:X86 Debug\biomass.obj
         Debug\celllist.obj
         Debug\errorCheck.obj
         Debug\fires.obj
         Debug\harvest.obj
         Debug\lads.obj
         Debug\ladsio.obj
         Debug\lcc.obj
         Debug\lccres.obj
         Debug\probSurface.obj
         Debug\randnum.obj
         Debug\demand.obj
         Debug\stdafx.obj
         Debug\vegetation.obj
         Debug\hni.obj
         Lads_Forsce.vcxproj -> E:\FORESCE_LADS\Lads_Forsce_Project\Lads_Frsce\Lads_Forsce\Debug\Change.exe
     1>Done Building Project "E:\FORESCE_LADS\Lads_Forsce_Project\Lads_Frsce\Lads_Forsce\Lads_Forsce\Lads_Forsce.vcxproj" (Build target(s)).

Build succeeded.

Time Elapsed 00:00:09.90
